<?xml version="1.0" encoding="UTF-8"?>
<!-- Generated by org.testng.reporters.JUnitReportReporter -->
<testsuite skipped="1" hostname="LAPTOP-LLBTO2E5" name="Day1.PositiveTest" tests="5" failures="0" timestamp="10 Nov 2021 04:06:49 GMT" time="4.045" errors="0">
  <testcase name="getSpecificContact" time="0.477" classname="Day1.PositiveTest"/>
  <testcase name="addContact" time="2.601" classname="Day1.PositiveTest"/>
  <testcase name="updateContact" time="0.487" classname="Day1.PositiveTest"/>
  <testcase name="deleteSecificContact" time="0.480" classname="Day1.PositiveTest"/>
  <testcase name="getAllContactList" classname="Day1.PositiveTest">
    <skipped/>
  </testcase> <!-- getAllContactList -->
</testsuite> <!-- Day1.PositiveTest -->
