<?xml version="1.0" encoding="UTF-8"?>
<!-- Generated by org.testng.reporters.JUnitReportReporter -->
<testsuite skipped="2" hostname="LAPTOP-LLBTO2E5" name="Day1.OpenWeatherApi" tests="3" failures="0" timestamp="09 Nov 2021 06:58:54 GMT" time="2.417" errors="0">
  <testcase name="getWeatherInfo3" time="2.417" classname="Day1.OpenWeatherApi"/>
  <testcase name="getWeatherInfo2" classname="Day1.OpenWeatherApi">
    <skipped/>
  </testcase> <!-- getWeatherInfo2 -->
  <testcase name="getWeatherInfo1" classname="Day1.OpenWeatherApi">
    <skipped/>
  </testcase> <!-- getWeatherInfo1 -->
</testsuite> <!-- Day1.OpenWeatherApi -->
