<?xml version="1.0" encoding="UTF-8"?>
<!-- Generated by org.testng.reporters.JUnitReportReporter -->
<testsuite skipped="1" hostname="LAPTOP-LLBTO2E5" name="Day1.GitHub" tests="2" failures="0" timestamp="09 Nov 2021 12:05:36 GMT" time="2.971" errors="0">
  <testcase name="addRepo" time="2.971" classname="Day1.GitHub"/>
  <testcase name="getAllRepo" classname="Day1.GitHub">
    <skipped/>
  </testcase> <!-- getAllRepo -->
</testsuite> <!-- Day1.GitHub -->
